The C compiler identification could not be found in "/src/build/CMakeFiles/3.16.3/CompilerIdC/._a.out"

The CXX compiler identification could not be found in "/src/build/CMakeFiles/3.16.3/CompilerIdCXX/._a.out"

Performing C SOURCE FILE Test CMAKE_HAVE_LIBC_PTHREAD failed with the following output:
Change Dir: /src/build/CMakeFiles/CMakeTmp

Run Build Command(s):/usr/bin/make cmTC_8e2bc/fast && /usr/bin/make -f CMakeFiles/cmTC_8e2bc.dir/build.make CMakeFiles/cmTC_8e2bc.dir/build
make[1]: Entering directory '/src/build/CMakeFiles/CMakeTmp'
Building C object CMakeFiles/cmTC_8e2bc.dir/src.c.o
/usr/bin/cc   -DCMAKE_HAVE_LIBC_PTHREAD   -o CMakeFiles/cmTC_8e2bc.dir/src.c.o   -c /src/build/CMakeFiles/CMakeTmp/src.c
Linking C executable cmTC_8e2bc
/usr/bin/cmake -E cmake_link_script CMakeFiles/cmTC_8e2bc.dir/link.txt --verbose=1
/usr/bin/cc  -DCMAKE_HAVE_LIBC_PTHREAD   -static-libstdc++  CMakeFiles/cmTC_8e2bc.dir/src.c.o  -o cmTC_8e2bc 
/usr/bin/ld: CMakeFiles/cmTC_8e2bc.dir/src.c.o: in function `main':
src.c:(.text+0x46): undefined reference to `pthread_create'
/usr/bin/ld: src.c:(.text+0x52): undefined reference to `pthread_detach'
/usr/bin/ld: src.c:(.text+0x63): undefined reference to `pthread_join'
collect2: error: ld returned 1 exit status
make[1]: *** [CMakeFiles/cmTC_8e2bc.dir/build.make:87: cmTC_8e2bc] Error 1
make[1]: Leaving directory '/src/build/CMakeFiles/CMakeTmp'
make: *** [Makefile:121: cmTC_8e2bc/fast] Error 2


Source file was:
#include <pthread.h>

void* test_func(void* data)
{
  return data;
}

int main(void)
{
  pthread_t thread;
  pthread_create(&thread, NULL, test_func, NULL);
  pthread_detach(thread);
  pthread_join(thread, NULL);
  pthread_atfork(NULL, NULL, NULL);
  pthread_exit(NULL);

  return 0;
}

Determining if the function pthread_create exists in the pthreads failed with the following output:
Change Dir: /src/build/CMakeFiles/CMakeTmp

Run Build Command(s):/usr/bin/make cmTC_0f26e/fast && /usr/bin/make -f CMakeFiles/cmTC_0f26e.dir/build.make CMakeFiles/cmTC_0f26e.dir/build
make[1]: Entering directory '/src/build/CMakeFiles/CMakeTmp'
Building C object CMakeFiles/cmTC_0f26e.dir/CheckFunctionExists.c.o
/usr/bin/cc   -DCHECK_FUNCTION_EXISTS=pthread_create   -o CMakeFiles/cmTC_0f26e.dir/CheckFunctionExists.c.o   -c /usr/share/cmake-3.16/Modules/CheckFunctionExists.c
Linking C executable cmTC_0f26e
/usr/bin/cmake -E cmake_link_script CMakeFiles/cmTC_0f26e.dir/link.txt --verbose=1
/usr/bin/cc  -DCHECK_FUNCTION_EXISTS=pthread_create   -static-libstdc++  CMakeFiles/cmTC_0f26e.dir/CheckFunctionExists.c.o  -o cmTC_0f26e  -lpthreads 
/usr/bin/ld: cannot find -lpthreads
collect2: error: ld returned 1 exit status
make[1]: *** [CMakeFiles/cmTC_0f26e.dir/build.make:87: cmTC_0f26e] Error 1
make[1]: Leaving directory '/src/build/CMakeFiles/CMakeTmp'
make: *** [Makefile:121: cmTC_0f26e/fast] Error 2



